Arguments: 
  /usr/local/bin/node /usr/local/bin/yarn

PATH: 
  /usr/local/bin:/usr/bin:/bin:/usr/sbin:/sbin

Yarn version: 
  1.22.17

Node version: 
  16.13.1

Platform: 
  darwin arm64

Trace: 
  SyntaxError: /Users/ryanrivera/Library/Caches/Yarn/v6/npm-fix-0.0.3-2599d9e72422b6eb5364bd89baf31c145636767a-integrity/node_modules/fix/package.json: Unexpected token } in JSON at position 237
      at JSON.parse (<anonymous>)
      at /usr/local/lib/node_modules/yarn/lib/cli.js:1625:59
      at Generator.next (<anonymous>)
      at step (/usr/local/lib/node_modules/yarn/lib/cli.js:310:30)
      at /usr/local/lib/node_modules/yarn/lib/cli.js:321:13

npm manifest: 
  {
    "name": "slice-library-starter-next",
    "version": "0.0.0",
    "description": "An awesome Slice Library made with Next.js",
    "author": "<author>",
    "license": "MIT",
    "main": "slices/index.js",
    "scripts": {
      "dev": "next dev",
      "build": "next build",
      "start": "next start",
      "export": "next export",
      "prepublishOnly": "node ./node_modules/sm-commons/scripts/bundle",
      "slicemachine": "start-slicemachine --port 9999",
      "storybook": "start-storybook -p 8888",
      "build-storybook": "build-storybook"
    },
    "dependencies": {
      "@prismicio/client": "^4.0.0",
      "@tailwindcss/aspect-ratio": "^0.3.0",
      "audit": "^0.0.6",
      "emailjs-com": "^3.2.0",
      "fix": "^0.0.3",
      "js-cookie": "^2.2.1",
      "locomotive-scroll": "^4.1.3",
      "next": "^11.1.2",
      "next-slicezone": "^0.1.3",
      "prismic-reactjs": "^1.3.4",
      "react": "16.14.0",
      "react-cookie-consent": "^6.4.1",
      "react-device-detect": "^2.1.2",
      "react-dom": "16.14.0",
      "react-ig-feed": "^1.0.4",
      "react-locomotive-scroll": "^0.2.0",
      "react-scroll-parallax": "^2.4.0",
      "react-visibility-sensor": "^5.1.1"
    },
    "devDependencies": {
      "@reecem/prismic-sitemap": "^0.4.0",
      "@storybook/react": "^6.0.28",
      "autoprefixer": "^10.3.7",
      "babel-loader": "^8.2.2",
      "babel-plugin-react-require": "^3.1.3",
      "postcss": "^8.3.9",
      "shx": "^0.3.3",
      "slice-machine-ui": "^0.1.0",
      "sm-commons": "^0.0.23",
      "tailwindcss": "^2.2.17"
    }
  }

yarn manifest: 
  No manifest

Lockfile: 
  No lockfile
